<?xml version="1.0" encoding="UTF-8"?>
<testng-results skipped="0" failed="0" ignored="0" total="1" passed="1">
  <reporter-output>
  </reporter-output>
  <suite name="Default suite" duration-ms="16266" started-at="2019-03-11T06:10:47Z" finished-at="2019-03-11T06:11:04Z">
    <groups>
    </groups>
    <test name="Default test" duration-ms="16266" started-at="2019-03-11T06:10:47Z" finished-at="2019-03-11T06:11:04Z">
      <class name="com.training.regression.tests.Sales_DB_Test_UNF_81">
        <test-method status="PASS" signature="setUpBeforeClass()[pri:0, instance:com.training.regression.tests.Sales_DB_Test_UNF_81@1bce4f0a]" name="setUpBeforeClass" is-config="true" duration-ms="16" started-at="2019-03-11T06:10:47Z" finished-at="2019-03-11T06:10:47Z">
          <reporter-output>
          </reporter-output>
        </test-method> <!-- setUpBeforeClass -->
        <test-method status="PASS" signature="setUp()[pri:0, instance:com.training.regression.tests.Sales_DB_Test_UNF_81@1bce4f0a]" name="setUp" is-config="true" duration-ms="10261" started-at="2019-03-11T06:10:48Z" finished-at="2019-03-11T06:10:58Z">
          <reporter-output>
          </reporter-output>
        </test-method> <!-- setUp -->
        <test-method status="PASS" signature="saveToDB(java.lang.String, java.lang.String, java.lang.String, java.lang.String, java.lang.String, java.lang.String, java.lang.String, java.lang.String)[pri:0, instance:com.training.regression.tests.Sales_DB_Test_UNF_81@1bce4f0a]" name="saveToDB" duration-ms="3858" started-at="2019-03-11T06:10:58Z" data-provider="db-inputs_081" finished-at="2019-03-11T06:11:02Z">
          <params>
            <param index="0">
              <value>
                <![CDATA[34]]>
              </value>
            </param>
            <param index="1">
              <value>
                <![CDATA[Smriti]]>
              </value>
            </param>
            <param index="2">
              <value>
                <![CDATA[Smriti]]>
              </value>
            </param>
            <param index="3">
              <value>
                <![CDATA[Irani]]>
              </value>
            </param>
            <param index="4">
              <value>
                <![CDATA[smriti@gmail.com]]>
              </value>
            </param>
            <param index="5">
              <value>
                <![CDATA[1234567890]]>
              </value>
            </param>
            <param index="6">
              <value>
                <![CDATA[T shirt]]>
              </value>
            </param>
            <param index="7">
              <value>
                <![CDATA[SH-002]]>
              </value>
            </param>
          </params>
          <reporter-output>
          </reporter-output>
        </test-method> <!-- saveToDB -->
        <test-method status="PASS" signature="tearDown()[pri:0, instance:com.training.regression.tests.Sales_DB_Test_UNF_81@1bce4f0a]" name="tearDown" is-config="true" duration-ms="1784" started-at="2019-03-11T06:11:02Z" finished-at="2019-03-11T06:11:04Z">
          <reporter-output>
          </reporter-output>
        </test-method> <!-- tearDown -->
      </class> <!-- com.training.regression.tests.Sales_DB_Test_UNF_81 -->
    </test> <!-- Default test -->
  </suite> <!-- Default suite -->
</testng-results>
